#
# A fatal error has been detected by the Java Runtime Environment:
#
#  EXCEPTION_ACCESS_VIOLATION (0xc0000005) at pc=0x000000005b99dac0, pid=13680, tid=0x00000000000031bc
#
# JRE version: Java(TM) SE Runtime Environment (8.0_111-b14) (build 1.8.0_111-b14)
# Java VM: Java HotSpot(TM) 64-Bit Server VM (25.111-b14 mixed mode windows-amd64 compressed oops)
# Problematic frame:
# V  [jvm.dll+0x46dac0]
#
# Failed to write core dump. Minidumps are not enabled by default on client versions of Windows
#
# If you would like to submit a bug report, please visit:
#   http://bugreport.java.com/bugreport/crash.jsp
#

---------------  T H R E A D  ---------------

Current thread (0x000000001d3db000):  JavaThread "C2 CompilerThread2" daemon [_thread_in_native, id=12732, stack(0x000000001edc0000,0x000000001eec0000)]

siginfo: ExceptionCode=0xc0000005, reading address 0xffffffffffffffff

Registers:
RAX=0x00000000212d5f90, RBX=0x1100105f00000000, RCX=0x0000000024e514c0, RDX=0x0000000000000048
RSP=0x000000001eebdf70, RBP=0x0000000024e51580, RSI=0x000000001eebec30, RDI=0x000000001eebe180
R8 =0x00000000000001b5, R9 =0x0000000000000008, R10=0x0000000000000001, R11=0x0000000000000001
R12=0x00000000262848e8, R13=0x000000000000160f, R14=0x0000000000000000, R15=0x000000000000b078
RIP=0x000000005b99dac0, EFLAGS=0x0000000000010206

Top of Stack: (sp=0x000000001eebdf70)
0x000000001eebdf70:   0000000024e514c0 000000001eebec30
0x000000001eebdf80:   000000001eebec30 000000005ba3b836
0x000000001eebdf90:   000000001eebec30 0000000000048270
0x000000001eebdfa0:   000000001eebe170 0000000025c87a70
0x000000001eebdfb0:   000000001eebe1d0 000000005ba3c57e
0x000000001eebdfc0:   000000001eebe0c0 000000005bb10818
0x000000001eebdfd0:   000000001c1e6aa0 000000001eebe0c0
0x000000001eebdfe0:   0000000025c8fa58 000000005b9a5f12
0x000000001eebdff0:   000000001c1e6aa0 000000001eebe0f0
0x000000001eebe000:   0000000025c8ab40 0000000025c87a70
0x000000001eebe010:   0000000000000000 000000001eebf440
0x000000001eebe020:   000000000000000a 0000000020387f40
0x000000001eebe030:   000000001eebf5d0 000000001eebf5e8
0x000000001eebe040:   000000001d3aa670 0000000000000004
0x000000001eebe050:   0000000000000000 0000000000000000
0x000000001eebe060:   0000000000000002 0000000000000000 

Instructions: (pc=0x000000005b99dac0)
0x000000005b99daa0:   58 45 8b fe 66 66 66 66 0f 1f 84 00 00 00 00 00
0x000000005b99dab0:   48 8b 47 10 41 ff c5 49 83 c7 08 49 8b 5c 07 f8
0x000000005b99dac0:   0f b6 43 2c 24 03 3c 03 75 09 48 8d 4b 48 e8 fd
0x000000005b99dad0:   80 0a 00 44 8b 5b 20 45 8b d6 45 85 db 7e 65 4d 


Register to memory mapping:

RAX=0x00000000212d5f90 is an unknown value
RBX=0x1100105f00000000 is an unknown value
RCX=0x0000000024e514c0 is an unknown value
RDX=0x0000000000000048 is an unknown value
RSP=0x000000001eebdf70 is pointing into the stack for thread: 0x000000001d3db000
RBP=0x0000000024e51580 is an unknown value
RSI=0x000000001eebec30 is pointing into the stack for thread: 0x000000001d3db000
RDI=0x000000001eebe180 is pointing into the stack for thread: 0x000000001d3db000
R8 =0x00000000000001b5 is an unknown value
R9 =0x0000000000000008 is an unknown value
R10=0x0000000000000001 is an unknown value
R11=0x0000000000000001 is an unknown value
R12=0x00000000262848e8 is an unknown value
R13=0x000000000000160f is an unknown value
R14=0x0000000000000000 is an unknown value
R15=0x000000000000b078 is an unknown value


Stack: [0x000000001edc0000,0x000000001eec0000],  sp=0x000000001eebdf70,  free space=1015k
Native frames: (J=compiled Java code, j=interpreted, Vv=VM code, C=native code)
V  [jvm.dll+0x46dac0]
V  [jvm.dll+0x50c57e]
V  [jvm.dll+0x475f12]
V  [jvm.dll+0x4589b2]
V  [jvm.dll+0xa5742]
V  [jvm.dll+0xa607f]
V  [jvm.dll+0x244b7f]
V  [jvm.dll+0x29c43a]
C  [msvcr100.dll+0x21d9f]
C  [msvcr100.dll+0x21e3b]
C  [kernel32.dll+0x159cd]
C  [ntdll.dll+0x2a561]


Current CompileTask:
C2: 725190 6181       4       org.springframework.core.annotation.AnnotationUtils::postProcessAnnotationAttributes (461 bytes)


---------------  P R O C E S S  ---------------

Java Threads: ( => current thread )
  0x0000000022474000 JavaThread "http-nio-80-exec-10" daemon [_thread_blocked, id=9356, stack(0x0000000028970000,0x0000000028a70000)]
  0x0000000022473000 JavaThread "http-nio-80-exec-9" daemon [_thread_blocked, id=10968, stack(0x00000000287b0000,0x00000000288b0000)]
  0x0000000022472800 JavaThread "http-nio-80-exec-8" daemon [_thread_blocked, id=13284, stack(0x0000000027ff0000,0x00000000280f0000)]
  0x0000000022471800 JavaThread "http-nio-80-exec-7" daemon [_thread_blocked, id=13160, stack(0x0000000028640000,0x0000000028740000)]
  0x0000000020bcb800 JavaThread "http-nio-80-exec-6" daemon [_thread_blocked, id=6512, stack(0x0000000028540000,0x0000000028640000)]
  0x0000000020bca800 JavaThread "http-nio-80-exec-5" daemon [_thread_blocked, id=14684, stack(0x0000000028400000,0x0000000028500000)]
  0x0000000020bca000 JavaThread "http-nio-80-exec-4" daemon [_thread_blocked, id=11776, stack(0x0000000021310000,0x0000000021410000)]
  0x0000000020bc9000 JavaThread "http-nio-80-exec-3" daemon [_thread_blocked, id=5184, stack(0x0000000028270000,0x0000000028370000)]
  0x0000000020bc8000 JavaThread "http-nio-80-exec-2" daemon [_thread_blocked, id=9576, stack(0x00000000280f0000,0x00000000281f0000)]
  0x0000000020bc7800 JavaThread "Live Reload #1" daemon [_thread_in_native, id=11600, stack(0x0000000027a60000,0x0000000027b60000)]
  0x0000000020bc6800 JavaThread "http-nio-80-exec-1" daemon [_thread_blocked, id=16012, stack(0x0000000027910000,0x0000000027a10000)]
  0x0000000020bc6000 JavaThread "DestroyJavaVM" [_thread_blocked, id=16060, stack(0x0000000002690000,0x0000000002790000)]
  0x0000000020bc5000 JavaThread "http-nio-80-AsyncTimeout" daemon [_thread_blocked, id=12964, stack(0x00000000275d0000,0x00000000276d0000)]
  0x0000000020bc4800 JavaThread "http-nio-80-Acceptor-0" daemon [_thread_in_native, id=10708, stack(0x0000000027330000,0x0000000027430000)]
  0x0000000020bc3800 JavaThread "http-nio-80-ClientPoller-1" daemon [_thread_in_native, id=9900, stack(0x0000000027470000,0x0000000027570000)]
  0x0000000020bc3000 JavaThread "http-nio-80-ClientPoller-0" daemon [_thread_in_native, id=5720, stack(0x000000001fe70000,0x000000001ff70000)]
  0x0000000020bbd000 JavaThread "NioBlockingSelector.BlockPoller-1" daemon [_thread_in_native, id=14900, stack(0x00000000271a0000,0x00000000272a0000)]
  0x0000000020bbf000 JavaThread "Live Reload Server" daemon [_thread_in_native, id=13228, stack(0x0000000026ff0000,0x00000000270f0000)]
  0x0000000020bc0000 JavaThread "File Watcher" daemon [_thread_blocked, id=15648, stack(0x0000000026ca0000,0x0000000026da0000)]
  0x0000000020bc2000 JavaThread "container-0" [_thread_blocked, id=12156, stack(0x0000000026b10000,0x0000000026c10000)]
  0x0000000020bc1800 JavaThread "ContainerBackgroundProcessor[StandardEngine[Tomcat]]" daemon [_thread_blocked, id=8416, stack(0x0000000025800000,0x0000000025900000)]
  0x000000001d569000 JavaThread "Monitor Ctrl-Break" daemon [_thread_in_native, id=14748, stack(0x000000001f040000,0x000000001f140000)]
  0x000000001d41d000 JavaThread "Service Thread" daemon [_thread_blocked, id=6780, stack(0x000000001f160000,0x000000001f260000)]
  0x000000001d3db800 JavaThread "C1 CompilerThread3" daemon [_thread_blocked, id=8576, stack(0x000000001ef20000,0x000000001f020000)]
=>0x000000001d3db000 JavaThread "C2 CompilerThread2" daemon [_thread_in_native, id=12732, stack(0x000000001edc0000,0x000000001eec0000)]
  0x000000001d3d4000 JavaThread "C2 CompilerThread1" daemon [_thread_blocked, id=9000, stack(0x000000001ec70000,0x000000001ed70000)]
  0x000000001d3cc800 JavaThread "C2 CompilerThread0" daemon [_thread_blocked, id=5608, stack(0x000000001eb20000,0x000000001ec20000)]
  0x000000001d3b6000 JavaThread "Attach Listener" daemon [_thread_blocked, id=5660, stack(0x000000001e4b0000,0x000000001e5b0000)]
  0x000000001d3b5000 JavaThread "Signal Dispatcher" daemon [_thread_blocked, id=8396, stack(0x000000001e970000,0x000000001ea70000)]
  0x000000001c1e5800 JavaThread "Finalizer" daemon [_thread_blocked, id=11708, stack(0x000000001e770000,0x000000001e870000)]
  0x000000001d353800 JavaThread "Reference Handler" daemon [_thread_blocked, id=8144, stack(0x000000001e630000,0x000000001e730000)]

Other Threads:
  0x000000001d352000 VMThread [stack: 0x000000001e380000,0x000000001e480000] [id=13856]
  0x000000001d422000 WatcherThread [stack: 0x000000001f3c0000,0x000000001f4c0000] [id=8804]

VM state:not at safepoint (normal execution)

VM Mutex/Monitor currently owned by a thread: None

Heap:
 PSYoungGen      total 398336K, used 36092K [0x000000076c380000, 0x0000000789600000, 0x00000007c0000000)
  eden space 379904K, 8% used [0x000000076c380000,0x000000076e38ada8,0x0000000783680000)
  from space 18432K, 17% used [0x0000000783680000,0x00000007839b4458,0x0000000784880000)
  to   space 18432K, 0% used [0x0000000788400000,0x0000000788400000,0x0000000789600000)
 ParOldGen       total 153600K, used 21608K [0x00000006c4a00000, 0x00000006ce000000, 0x000000076c380000)
  object space 153600K, 14% used [0x00000006c4a00000,0x00000006c5f1a270,0x00000006ce000000)
 Metaspace       used 41826K, capacity 42340K, committed 42624K, reserved 1087488K
  class space    used 4735K, capacity 4896K, committed 4992K, reserved 1048576K

Card table byte_map: [0x0000000011b50000,0x0000000012330000] byte_map_base: 0x000000000e52b000

Marking Bits: (ParMarkBitMap*) 0x000000005bd4a6c0
 Begin Bits: [0x0000000013260000, 0x0000000017138000)
 End Bits:   [0x0000000017138000, 0x000000001b010000)

Polling page: 0x0000000001c60000

CodeCache: size=245760Kb used=19283Kb max_used=19316Kb free=226476Kb
 bounds [0x0000000002790000, 0x0000000003aa0000, 0x0000000011790000]
 total_blobs=5603 nmethods=5151 adapters=363
 compilation: enabled

Compilation events (10 events):
Event: 705.816 Thread 0x000000001d3db000 nmethod 6174 0x0000000003a69950 code [0x0000000003a69b20, 0x0000000003a6c778]
Event: 705.817 Thread 0x000000001d3cc800 6177       4       java.util.regex.Pattern$Caret::match (124 bytes)
Event: 705.823 Thread 0x000000001d3cc800 nmethod 6177 0x0000000003a68b90 code [0x0000000003a68d00, 0x0000000003a69278]
Event: 706.338 Thread 0x000000001d3d4000 6178       4       sun.util.calendar.ZoneInfo::getOffsets (276 bytes)
Event: 706.347 Thread 0x000000001d3d4000 nmethod 6178 0x00000000032e6b10 code [0x00000000032e6c60, 0x00000000032e7098]
Event: 706.351 Thread 0x000000001d3db000 6179       4       java.lang.String::lastIndexOf (151 bytes)
Event: 706.359 Thread 0x000000001d3db000 nmethod 6179 0x0000000002bf5cd0 code [0x0000000002bf5e20, 0x0000000002bf60f8]
Event: 707.208 Thread 0x000000001d3cc800 6180       4       org.apache.tomcat.util.http.ValuesEnumerator::findNext (81 bytes)
Event: 707.214 Thread 0x000000001d3cc800 nmethod 6180 0x0000000002a64f10 code [0x0000000002a650a0, 0x0000000002a656d8]
Event: 724.972 Thread 0x000000001d3db000 6181       4       org.springframework.core.annotation.AnnotationUtils::postProcessAnnotationAttributes (461 bytes)

GC Heap History (10 events):
Event: 6.881 GC heap before
{Heap before GC invocations=7 (full 2):
 PSYoungGen      total 211456K, used 10729K [0x000000076c380000, 0x000000077f480000, 0x00000007c0000000)
  eden space 200704K, 0% used [0x000000076c380000,0x000000076c380000,0x0000000778780000)
  from space 10752K, 99% used [0x0000000778780000,0x00000007791fa4d0,0x0000000779200000)
  to   space 15360K, 0% used [0x000000077e580000,0x000000077e580000,0x000000077f480000)
 ParOldGen       total 105472K, used 17119K [0x00000006c4a00000, 0x00000006cb100000, 0x000000076c380000)
  object space 105472K, 16% used [0x00000006c4a00000,0x00000006c5ab7c08,0x00000006cb100000)
 Metaspace       used 34859K, capacity 35314K, committed 35456K, reserved 1081344K
  class space    used 4265K, capacity 4412K, committed 4480K, reserved 1048576K
Event: 6.952 GC heap after
Heap after GC invocations=7 (full 2):
 PSYoungGen      total 211456K, used 0K [0x000000076c380000, 0x000000077f480000, 0x00000007c0000000)
  eden space 200704K, 0% used [0x000000076c380000,0x000000076c380000,0x0000000778780000)
  from space 10752K, 0% used [0x0000000778780000,0x0000000778780000,0x0000000779200000)
  to   space 15360K, 0% used [0x000000077e580000,0x000000077e580000,0x000000077f480000)
 ParOldGen       total 153600K, used 21576K [0x00000006c4a00000, 0x00000006ce000000, 0x000000076c380000)
  object space 153600K, 14% used [0x00000006c4a00000,0x00000006c5f12270,0x00000006ce000000)
 Metaspace       used 34859K, capacity 35314K, committed 35456K, reserved 1081344K
  class space    used 4265K, capacity 4412K, committed 4480K, reserved 1048576K
}
Event: 117.733 GC heap before
{Heap before GC invocations=8 (full 2):
 PSYoungGen      total 211456K, used 200704K [0x000000076c380000, 0x000000077f480000, 0x00000007c0000000)
  eden space 200704K, 100% used [0x000000076c380000,0x0000000778780000,0x0000000778780000)
  from space 10752K, 0% used [0x0000000778780000,0x0000000778780000,0x0000000779200000)
  to   space 15360K, 0% used [0x000000077e580000,0x000000077e580000,0x000000077f480000)
 ParOldGen       total 153600K, used 21576K [0x00000006c4a00000, 0x00000006ce000000, 0x000000076c380000)
  object space 153600K, 14% used [0x00000006c4a00000,0x00000006c5f12270,0x00000006ce000000)
 Metaspace       used 40917K, capacity 41400K, committed 41472K, reserved 1085440K
  class space    used 4730K, capacity 4862K, committed 4864K, reserved 1048576K
Event: 117.742 GC heap after
Heap after GC invocations=8 (full 2):
 PSYoungGen      total 295936K, used 6494K [0x000000076c380000, 0x0000000780600000, 0x00000007c0000000)
  eden space 280576K, 0% used [0x000000076c380000,0x000000076c380000,0x000000077d580000)
  from space 15360K, 42% used [0x000000077e580000,0x000000077ebd7b28,0x000000077f480000)
  to   space 16384K, 0% used [0x000000077d580000,0x000000077d580000,0x000000077e580000)
 ParOldGen       total 153600K, used 21584K [0x00000006c4a00000, 0x00000006ce000000, 0x000000076c380000)
  object space 153600K, 14% used [0x00000006c4a00000,0x00000006c5f14270,0x00000006ce000000)
 Metaspace       used 40917K, capacity 41400K, committed 41472K, reserved 1085440K
  class space    used 4730K, capacity 4862K, committed 4864K, reserved 1048576K
}
Event: 299.327 GC heap before
{Heap before GC invocations=9 (full 2):
 PSYoungGen      total 295936K, used 287070K [0x000000076c380000, 0x0000000780600000, 0x00000007c0000000)
  eden space 280576K, 100% used [0x000000076c380000,0x000000077d580000,0x000000077d580000)
  from space 15360K, 42% used [0x000000077e580000,0x000000077ebd7b28,0x000000077f480000)
  to   space 16384K, 0% used [0x000000077d580000,0x000000077d580000,0x000000077e580000)
 ParOldGen       total 153600K, used 21584K [0x00000006c4a00000, 0x00000006ce000000, 0x000000076c380000)
  object space 153600K, 14% used [0x00000006c4a00000,0x00000006c5f14270,0x00000006ce000000)
 Metaspace       used 41248K, capacity 41758K, committed 42112K, reserved 1087488K
  class space    used 4733K, capacity 4895K, committed 4992K, reserved 1048576K
Event: 299.331 GC heap after
Heap after GC invocations=9 (full 2):
 PSYoungGen      total 296960K, used 2982K [0x000000076c380000, 0x0000000786800000, 0x00000007c0000000)
  eden space 280576K, 0% used [0x000000076c380000,0x000000076c380000,0x000000077d580000)
  from space 16384K, 18% used [0x000000077d580000,0x000000077d8699c8,0x000000077e580000)
  to   space 17408K, 0% used [0x0000000785700000,0x0000000785700000,0x0000000786800000)
 ParOldGen       total 153600K, used 21592K [0x00000006c4a00000, 0x00000006ce000000, 0x000000076c380000)
  object space 153600K, 14% used [0x00000006c4a00000,0x00000006c5f16270,0x00000006ce000000)
 Metaspace       used 41248K, capacity 41758K, committed 42112K, reserved 1087488K
  class space    used 4733K, capacity 4895K, committed 4992K, reserved 1048576K
}
Event: 471.441 GC heap before
{Heap before GC invocations=10 (full 2):
 PSYoungGen      total 296960K, used 283558K [0x000000076c380000, 0x0000000786800000, 0x00000007c0000000)
  eden space 280576K, 100% used [0x000000076c380000,0x000000077d580000,0x000000077d580000)
  from space 16384K, 18% used [0x000000077d580000,0x000000077d8699c8,0x000000077e580000)
  to   space 17408K, 0% used [0x0000000785700000,0x0000000785700000,0x0000000786800000)
 ParOldGen       total 153600K, used 21592K [0x00000006c4a00000, 0x00000006ce000000, 0x000000076c380000)
  object space 153600K, 14% used [0x00000006c4a00000,0x00000006c5f16270,0x00000006ce000000)
 Metaspace       used 41544K, capacity 42078K, committed 42368K, reserved 1087488K
  class space    used 4733K, capacity 4895K, committed 4992K, reserved 1048576K
Event: 471.446 GC heap after
Heap after GC invocations=10 (full 2):
 PSYoungGen      total 380416K, used 3117K [0x000000076c380000, 0x0000000785a80000, 0x00000007c0000000)
  eden space 376832K, 0% used [0x000000076c380000,0x000000076c380000,0x0000000783380000)
  from space 3584K, 86% used [0x0000000785700000,0x0000000785a0b658,0x0000000785a80000)
  to   space 18432K, 0% used [0x0000000783680000,0x0000000783680000,0x0000000784880000)
 ParOldGen       total 153600K, used 21600K [0x00000006c4a00000, 0x00000006ce000000, 0x000000076c380000)
  object space 153600K, 14% used [0x00000006c4a00000,0x00000006c5f18270,0x00000006ce000000)
 Metaspace       used 41544K, capacity 42078K, committed 42368K, reserved 1087488K
  class space    used 4733K, capacity 4895K, committed 4992K, reserved 1048576K
}
Event: 705.790 GC heap before
{Heap before GC invocations=11 (full 2):
 PSYoungGen      total 380416K, used 379949K [0x000000076c380000, 0x0000000785a80000, 0x00000007c0000000)
  eden space 376832K, 100% used [0x000000076c380000,0x0000000783380000,0x0000000783380000)
  from space 3584K, 86% used [0x0000000785700000,0x0000000785a0b658,0x0000000785a80000)
  to   space 18432K, 0% used [0x0000000783680000,0x0000000783680000,0x0000000784880000)
 ParOldGen       total 153600K, used 21600K [0x00000006c4a00000, 0x00000006ce000000, 0x000000076c380000)
  object space 153600K, 14% used [0x00000006c4a00000,0x00000006c5f18270,0x00000006ce000000)
 Metaspace       used 41826K, capacity 42340K, committed 42624K, reserved 1087488K
  class space    used 4735K, capacity 4896K, committed 4992K, reserved 1048576K
Event: 705.813 GC heap after
Heap after GC invocations=11 (full 2):
 PSYoungGen      total 398336K, used 3281K [0x000000076c380000, 0x0000000789600000, 0x00000007c0000000)
  eden space 379904K, 0% used [0x000000076c380000,0x000000076c380000,0x0000000783680000)
  from space 18432K, 17% used [0x0000000783680000,0x00000007839b4458,0x0000000784880000)
  to   space 18432K, 0% used [0x0000000788400000,0x0000000788400000,0x0000000789600000)
 ParOldGen       total 153600K, used 21608K [0x00000006c4a00000, 0x00000006ce000000, 0x000000076c380000)
  object space 153600K, 14% used [0x00000006c4a00000,0x00000006c5f1a270,0x00000006ce000000)
 Metaspace       used 41826K, capacity 42340K, committed 42624K, reserved 1087488K
  class space    used 4735K, capacity 4896K, committed 4992K, reserved 1048576K
}

Deoptimization events (10 events):
Event: 8.128 Thread 0x0000000022473000 Uncommon trap: reason=unstable_if action=reinterpret pc=0x000000000317bd70 method=java.util.concurrent.ConcurrentHashMap.transfer([Ljava/util/concurrent/ConcurrentHashMap$Node;[Ljava/util/concurrent/ConcurrentHashMap$Node;)V @ 34
Event: 8.128 Thread 0x0000000022474000 Uncommon trap: reason=unstable_if action=reinterpret pc=0x000000000317bda0 method=java.util.concurrent.ConcurrentHashMap.transfer([Ljava/util/concurrent/ConcurrentHashMap$Node;[Ljava/util/concurrent/ConcurrentHashMap$Node;)V @ 277
Event: 9.294 Thread 0x0000000022474000 Uncommon trap: reason=unstable_if action=reinterpret pc=0x00000000031ef924 method=java.util.concurrent.ConcurrentHashMap.addCount(JI)V @ 34
Event: 9.298 Thread 0x0000000020bcb800 Uncommon trap: reason=unstable_if action=reinterpret pc=0x0000000003496940 method=java.util.concurrent.ConcurrentHashMap.addCount(JI)V @ 7
Event: 9.310 Thread 0x0000000020bc6800 Uncommon trap: reason=unstable_if action=reinterpret pc=0x0000000002c83288 method=java.util.concurrent.ConcurrentHashMap.get(Ljava/lang/Object;)Ljava/lang/Object; @ 86
Event: 117.742 Thread 0x000000001c1e5800 Uncommon trap: reason=unstable_if action=reinterpret pc=0x0000000003251ce4 method=java.util.WeakHashMap.remove(Ljava/lang/Object;)Ljava/lang/Object; @ 67
Event: 205.580 Thread 0x0000000020bc0000 Uncommon trap: reason=unstable_if action=reinterpret pc=0x00000000036c97a4 method=java.util.AbstractCollection.containsAll(Ljava/util/Collection;)Z @ 28
Event: 206.083 Thread 0x0000000020bc0000 Uncommon trap: reason=unstable_if action=reinterpret pc=0x000000000357b984 method=org.springframework.boot.devtools.filewatch.FileSnapshot.equals(Ljava/lang/Object;)Z @ 66
Event: 296.919 Thread 0x0000000020bc8000 Uncommon trap: reason=class_check action=maybe_recompile pc=0x00000000037752b0 method=java.util.HashMap.removeNode(ILjava/lang/Object;Ljava/lang/Object;ZZ)Ljava/util/HashMap$Node; @ 143
Event: 503.072 Thread 0x0000000020bc8000 Uncommon trap: reason=unstable_if action=reinterpret pc=0x00000000038d70f4 method=sun.nio.ch.WindowsSelectorImpl.wakeup()Ljava/nio/channels/Selector; @ 11

Internal exceptions (10 events):
Event: 707.217 Thread 0x0000000022473000 Exception <a 'java/io/IOException'> (0x000000076cdcb600) thrown at [C:\re\workspace\8-2-build-windows-amd64-cygwin\jdk8u111\7883\hotspot\src\share\vm\prims\jni.cpp, line 709]
Event: 707.217 Thread 0x0000000022473000 Exception <a 'java/io/IOException'> (0x000000076cdcbf98) thrown at [C:\re\workspace\8-2-build-windows-amd64-cygwin\jdk8u111\7883\hotspot\src\share\vm\prims\jni.cpp, line 709]
Event: 709.917 Thread 0x0000000020bc7800 Exception <a 'java/net/SocketTimeoutException': Read timed out> (0x000000076c47b8c0) thrown at [C:\re\workspace\8-2-build-windows-amd64-cygwin\jdk8u111\7883\hotspot\src\share\vm\prims\jni.cpp, line 735]
Event: 713.917 Thread 0x0000000020bc7800 Exception <a 'java/net/SocketTimeoutException': Read timed out> (0x000000076c47bbe0) thrown at [C:\re\workspace\8-2-build-windows-amd64-cygwin\jdk8u111\7883\hotspot\src\share\vm\prims\jni.cpp, line 735]
Event: 717.917 Thread 0x0000000020bc7800 Exception <a 'java/net/SocketTimeoutException': Read timed out> (0x000000076c47bf00) thrown at [C:\re\workspace\8-2-build-windows-amd64-cygwin\jdk8u111\7883\hotspot\src\share\vm\prims\jni.cpp, line 735]
Event: 721.917 Thread 0x0000000020bc7800 Exception <a 'java/net/SocketTimeoutException': Read timed out> (0x000000076c47c220) thrown at [C:\re\workspace\8-2-build-windows-amd64-cygwin\jdk8u111\7883\hotspot\src\share\vm\prims\jni.cpp, line 735]
Event: 724.972 Thread 0x0000000020bc8000 Exception <a 'java/io/IOException'> (0x000000076cceb740) thrown at [C:\re\workspace\8-2-build-windows-amd64-cygwin\jdk8u111\7883\hotspot\src\share\vm\prims\jni.cpp, line 709]
Event: 724.989 Thread 0x0000000020bc8000 Exception <a 'java/io/IOException'> (0x000000076e3796b8) thrown at [C:\re\workspace\8-2-build-windows-amd64-cygwin\jdk8u111\7883\hotspot\src\share\vm\prims\jni.cpp, line 709]
Event: 724.989 Thread 0x0000000020bc8000 Exception <a 'java/io/IOException'> (0x000000076e37a0a0) thrown at [C:\re\workspace\8-2-build-windows-amd64-cygwin\jdk8u111\7883\hotspot\src\share\vm\prims\jni.cpp, line 709]
Event: 724.989 Thread 0x0000000020bc8000 Exception <a 'java/io/IOException'> (0x000000076e37aa38) thrown at [C:\re\workspace\8-2-build-windows-amd64-cygwin\jdk8u111\7883\hotspot\src\share\vm\prims\jni.cpp, line 709]

Events (10 events):
Event: 705.817 Executing VM operation: RevokeBias done
Event: 705.823 Thread 0x000000001d3cc800 flushing nmethod 0x0000000002bf5cd0
Event: 705.823 Thread 0x000000001d3cc800 flushing nmethod 0x0000000002bf6090
Event: 705.823 Thread 0x000000001d3cc800 flushing nmethod 0x0000000002c03350
Event: 705.823 Thread 0x000000001d3cc800 flushing nmethod 0x0000000002c1c890
Event: 706.347 Thread 0x000000001d3d4000 flushing nmethod 0x0000000002cc43d0
Event: 706.347 Thread 0x000000001d3d4000 flushing nmethod 0x0000000002d10090
Event: 706.359 Thread 0x000000001d3db000 flushing nmethod 0x0000000002d90710
Event: 707.214 Thread 0x000000001d3cc800 flushing nmethod 0x0000000002e8dd10
Event: 707.214 Thread 0x000000001d3cc800 flushing nmethod 0x0000000002f15750


Dynamic libraries:
0x000000013fa40000 - 0x000000013fa77000 	C:\Program Files\Java\jdk1.8.0_111\bin\java.exe
0x0000000077870000 - 0x0000000077a1a000 	C:\Windows\SYSTEM32\ntdll.dll
0x0000000077650000 - 0x000000007776f000 	C:\Windows\system32\kernel32.dll
0x000007fefd7c0000 - 0x000007fefd82a000 	C:\Windows\system32\KERNELBASE.dll
0x000007feff510000 - 0x000007feff5eb000 	C:\Windows\system32\ADVAPI32.dll
0x000007fefda80000 - 0x000007fefdb1f000 	C:\Windows\system32\msvcrt.dll
0x000007fefdbf0000 - 0x000007fefdc0f000 	C:\Windows\SYSTEM32\sechost.dll
0x000007fefee80000 - 0x000007fefefad000 	C:\Windows\system32\RPCRT4.dll
0x0000000077770000 - 0x000000007786a000 	C:\Windows\system32\USER32.dll
0x000007feff100000 - 0x000007feff167000 	C:\Windows\system32\GDI32.dll
0x000007fefeb40000 - 0x000007fefeb4e000 	C:\Windows\system32\LPK.dll
0x000007fefdb20000 - 0x000007fefdbea000 	C:\Windows\system32\USP10.dll
0x000007fefc000000 - 0x000007fefc1f4000 	C:\Windows\WinSxS\amd64_microsoft.windows.common-controls_6595b64144ccf1df_6.0.7601.18837_none_fa3b1e3d17594757\COMCTL32.dll
0x000007fefda00000 - 0x000007fefda71000 	C:\Windows\system32\SHLWAPI.dll
0x000007fefeb50000 - 0x000007fefeb7e000 	C:\Windows\system32\IMM32.DLL
0x000007feff400000 - 0x000007feff509000 	C:\Windows\system32\MSCTF.dll
0x0000000064980000 - 0x0000000064a52000 	C:\Program Files\Java\jdk1.8.0_111\jre\bin\msvcr100.dll
0x000000005b530000 - 0x000000005bdca000 	C:\Program Files\Java\jdk1.8.0_111\jre\bin\server\jvm.dll
0x000007fef9920000 - 0x000007fef9929000 	C:\Windows\system32\WSOCK32.dll
0x000007feff0b0000 - 0x000007feff0fd000 	C:\Windows\system32\WS2_32.dll
0x000007fefdc10000 - 0x000007fefdc18000 	C:\Windows\system32\NSI.dll
0x000007fefb160000 - 0x000007fefb19b000 	C:\Windows\system32\WINMM.dll
0x000007fefc690000 - 0x000007fefc69c000 	C:\Windows\system32\VERSION.dll
0x0000000077a30000 - 0x0000000077a37000 	C:\Windows\system32\PSAPI.DLL
0x0000000071410000 - 0x000000007141f000 	C:\Program Files\Java\jdk1.8.0_111\jre\bin\verify.dll
0x0000000071390000 - 0x00000000713b9000 	C:\Program Files\Java\jdk1.8.0_111\jre\bin\java.dll
0x0000000071230000 - 0x0000000071246000 	C:\Program Files\Java\jdk1.8.0_111\jre\bin\zip.dll
0x000007fefdc20000 - 0x000007fefe9a9000 	C:\Windows\system32\SHELL32.dll
0x000007feff1f0000 - 0x000007feff3f3000 	C:\Windows\system32\ole32.dll
0x000007fefd5b0000 - 0x000007fefd5bf000 	C:\Windows\system32\profapi.dll
0x000007fef6630000 - 0x000007fef6640000 	C:\Program Files (x86)\JetBrains\IntelliJ IDEA 14.1.7\bin\breakgen64.dll
0x000000006f0b0000 - 0x000000006f0ca000 	C:\Program Files\Java\jdk1.8.0_111\jre\bin\net.dll
0x000007fefcd80000 - 0x000007fefcdd5000 	C:\Windows\system32\mswsock.dll
0x000007fefcd70000 - 0x000007fefcd77000 	C:\Windows\System32\wship6.dll
0x000007fefb030000 - 0x000007fefb045000 	C:\Windows\system32\NLAapi.dll
0x000007fef9f60000 - 0x000007fef9f75000 	C:\Windows\system32\napinsp.dll
0x000007fef84f0000 - 0x000007fef8509000 	C:\Windows\system32\pnrpnsp.dll
0x000007fefcc00000 - 0x000007fefcc5b000 	C:\Windows\system32\DNSAPI.dll
0x000007fef8af0000 - 0x000007fef8afb000 	C:\Windows\System32\winrnr.dll
0x0000000071590000 - 0x00000000715b6000 	C:\Program Files\Bonjour\mdnsNSP.dll
0x000007fefacd0000 - 0x000007fefacf7000 	C:\Windows\system32\Iphlpapi.DLL
0x000007fefacc0000 - 0x000007fefaccb000 	C:\Windows\system32\WINNSI.DLL
0x000007fefc760000 - 0x000007fefc767000 	C:\Windows\System32\wshtcpip.dll
0x000007fef8750000 - 0x000007fef8758000 	C:\Windows\system32\rasadhlp.dll
0x000007fefab50000 - 0x000007fefaba3000 	C:\Windows\System32\fwpuclnt.dll
0x0000000070940000 - 0x000000007094d000 	C:\Program Files\Java\jdk1.8.0_111\jre\bin\management.dll
0x000000006f560000 - 0x000000006f571000 	C:\Program Files\Java\jdk1.8.0_111\jre\bin\nio.dll
0x000007fefcde0000 - 0x000007fefcdf8000 	C:\Windows\system32\CRYPTSP.dll
0x000007fefcaa0000 - 0x000007fefcae7000 	C:\Windows\system32\rsaenh.dll
0x000007fefd940000 - 0x000007fefd95e000 	C:\Windows\system32\USERENV.dll
0x000007fefd440000 - 0x000007fefd44f000 	C:\Windows\system32\CRYPTBASE.dll
0x000007fefabf0000 - 0x000007fefac01000 	C:\Windows\system32\dhcpcsvc6.DLL
0x000007fefa760000 - 0x000007fefa778000 	C:\Windows\system32\dhcpcsvc.DLL
0x000007fef8570000 - 0x000007fef8695000 	C:\Windows\system32\dbghelp.dll

VM Arguments:
jvm_args: -Didea.launcher.port=7533 -Didea.launcher.bin.path=C:\Program Files (x86)\JetBrains\IntelliJ IDEA 14.1.7\bin -Dfile.encoding=UTF-8 
java_command: com.intellij.rt.execution.application.AppMain com.bbmc.WebApplication
java_class_path (initial): C:\Program Files\Java\jdk1.8.0_111\jre\lib\charsets.jar;C:\Program Files\Java\jdk1.8.0_111\jre\lib\deploy.jar;C:\Program Files\Java\jdk1.8.0_111\jre\lib\javaws.jar;C:\Program Files\Java\jdk1.8.0_111\jre\lib\jce.jar;C:\Program Files\Java\jdk1.8.0_111\jre\lib\jfr.jar;C:\Program Files\Java\jdk1.8.0_111\jre\lib\jfxswt.jar;C:\Program Files\Java\jdk1.8.0_111\jre\lib\jsse.jar;C:\Program Files\Java\jdk1.8.0_111\jre\lib\management-agent.jar;C:\Program Files\Java\jdk1.8.0_111\jre\lib\plugin.jar;C:\Program Files\Java\jdk1.8.0_111\jre\lib\resources.jar;C:\Program Files\Java\jdk1.8.0_111\jre\lib\rt.jar;C:\Program Files\Java\jdk1.8.0_111\jre\lib\ext\access-bridge-64.jar;C:\Program Files\Java\jdk1.8.0_111\jre\lib\ext\cldrdata.jar;C:\Program Files\Java\jdk1.8.0_111\jre\lib\ext\dnsns.jar;C:\Program Files\Java\jdk1.8.0_111\jre\lib\ext\jaccess.jar;C:\Program Files\Java\jdk1.8.0_111\jre\lib\ext\jfxrt.jar;C:\Program Files\Java\jdk1.8.0_111\jre\lib\ext\localedata.jar;C:\Program Files\Java\jdk1.8.0_111\jre\lib\ext\nashorn.jar;C:\Program Files\Java\jdk1.8.0_111\jre\lib\ext\sunec.jar;C:\Program Files\Java\jdk1.8.0_111\jre\lib\ext\sunjce_provider.jar;C:\Program Files\Java\jdk1.8.0_111\jre\lib\ext\sunmscapi.jar;C:\Program Files\Java\jdk1.8.0_111\jre\lib\ext\sunpkcs11.jar;C:\Program Files\Java\jdk1.8.0_111\jre\lib\ext\zipfs.jar;E:\bbmc\mediacast\provider\build\classes\main;C:\Users\bbmc\.gradle\caches\modules-2\files-2.1\org.springframework.boot\spring-boot-starter\1.5.1.RELEASE\5fb187e6a363b9145e3f7f18130ba64e9e22dad8\spring-boot-starter-1.5.1.RELEASE.jar;C:\Users\bbmc\.gradle\caches\modules-2\files-2.1\org.springframework.boot\spring-boot\1.5.1.RELEASE\670ebd283098aa2d8a397af84fbe6ea152a4d8fa\spring-boot-1.5.1.RELEASE.jar;C:\Users\bbmc\.gradle\caches\modules-2\files-2.1\org.springframework.boot\spring-boot-autoconfigure\1.5.1.RELEASE\251d960da2d5adfd55cf0281fcdfa69ab525a36d\spring-boot-autoconfigure-1.5.1.RELEASE.jar;C:\Users\bbmc\.gradle\caches\modules-2\files-2
Launcher Type: SUN_STANDARD

Environment Variables:
JAVA_HOME=C:\Program Files\Java\jdk1.8.0_111
PATH=C:\ProgramData\Oracle\Java\javapath;C:\Program Files (x86)\Intel\iCLS Client\;C:\Program Files\Intel\iCLS Client\;C:\Windows\system32;C:\Windows;C:\Windows\System32\Wbem;C:\Windows\System32\WindowsPowerShell\v1.0\;C:\Program Files (x86)\Intel\OpenCL SDK\2.0\bin\x86;C:\Program Files (x86)\Intel\OpenCL SDK\2.0\bin\x64;C:\Program Files\Intel\Intel(R) Management Engine Components\DAL;C:\Program Files\Intel\Intel(R) Management Engine Components\IPT;C:\Program Files (x86)\Intel\Intel(R) Management Engine Components\DAL;C:\Program Files (x86)\Intel\Intel(R) Management Engine Components\IPT;C:\Program Files\Java\jdk1.8.0_111\bin;C:\Program Files\Git\cmd;C:\Program Files\TortoiseSVN\bin;C:\Program Files\nodejs\;C:\Program Files\doxygen\bin;C:\Program Files\spring-1.5.1.RELEASE\bin;C:\Windows\System32;C:\Program Files\Android\Android Studio\gradle\gradle-2.14.1;\bin;;C:\HaxeToolkit\haxe\;C:\HaxeToolkit\neko;D:\flex_sdk_4.6\antbin;C:\Users\bbmc\AppData\Roaming\npm;C:\Program Files\Bandizip\7z;C:\Program Files (x86)\ESTsoft\ALSee\x64
USERNAME=bbmc
OS=Windows_NT
PROCESSOR_IDENTIFIER=Intel64 Family 6 Model 58 Stepping 9, GenuineIntel



---------------  S Y S T E M  ---------------

OS: Windows 7 , 64 bit Build 7601 (6.1.7601.23572)

CPU:total 8 (4 cores per cpu, 2 threads per core) family 6 model 58 stepping 9, cmov, cx8, fxsr, mmx, sse, sse2, sse3, ssse3, sse4.1, sse4.2, popcnt, avx, aes, clmul, erms, ht, tsc, tscinvbit, tscinv

Memory: 4k page, physical 16473152k(5032568k free), swap 32944444k(16281668k free)

vm_info: Java HotSpot(TM) 64-Bit Server VM (25.111-b14) for windows-amd64 JRE (1.8.0_111-b14), built on Sep 22 2016 19:24:05 by "java_re" with MS VC++ 10.0 (VS2010)

time: Sat Apr 08 14:53:42 2017
elapsed time: 725 seconds (0d 0h 12m 5s)

